<?xml version="1.0" encoding="UTF-8"?>
<robot generator="Robot 5.0.1 (Python 3.10.4 on win32)" generated="20220917 16:55:05.213" rpa="false" schemaversion="3">
<suite id="s1" name="eBay" source="C:\Users\YHVM-SN-EN-010\Documents\GitHub\Learn-Robot-Framework-Automation\eBay.robot">
<test id="s1-t1" name="Basic seach functionality for ebay" line="24">
<kw name="Set Test Documentation" library="BuiltIn">
<arg>This test case verifies the basic search</arg>
<doc>Sets documentation for the current test case.</doc>
<msg timestamp="20220917 16:55:05.364" level="INFO">Set test documentation to:
This test case verifies the basic search</msg>
<status status="PASS" starttime="20220917 16:55:05.364" endtime="20220917 16:55:05.364"/>
</kw>
<kw name="Set Tags" library="BuiltIn">
<arg>Fuctional</arg>
<doc>Adds given ``tags`` for the current test or all tests in a suite.</doc>
<msg timestamp="20220917 16:55:05.365" level="INFO">Set tag 'Fuctional'.</msg>
<status status="PASS" starttime="20220917 16:55:05.365" endtime="20220917 16:55:05.365"/>
</kw>
<kw name="Start TestCase">
<kw name="Open Browser" library="Selenium2Library">
<arg>https://www.ebay.com/</arg>
<arg>chrome</arg>
<doc>Opens a new browser instance to the optional ``url``.</doc>
<msg timestamp="20220917 16:55:05.366" level="INFO">Opening browser 'chrome' to base url 'https://www.ebay.com/'.</msg>
<status status="PASS" starttime="20220917 16:55:05.366" endtime="20220917 16:55:08.359"/>
</kw>
<kw name="Maximize Browser Window" library="Selenium2Library">
<doc>Maximizes current browser window.</doc>
<status status="PASS" starttime="20220917 16:55:08.360" endtime="20220917 16:55:08.484"/>
</kw>
<status status="PASS" starttime="20220917 16:55:05.365" endtime="20220917 16:55:08.485"/>
</kw>
<kw name="Verify seach result">
<kw name="Input Text" library="Selenium2Library">
<arg>//*[@id="gh-ac"]</arg>
<arg>moblie</arg>
<doc>Types the given ``text`` into the text field identified by ``locator``.</doc>
<msg timestamp="20220917 16:55:08.487" level="INFO">Typing text 'moblie' into text field '//*[@id="gh-ac"]'.</msg>
<status status="PASS" starttime="20220917 16:55:08.486" endtime="20220917 16:55:08.564"/>
</kw>
<kw name="Press Keys" library="Selenium2Library">
<arg>//*[@id="gh-btn"]</arg>
<arg>RETURN</arg>
<doc>Simulates the user pressing key(s) to an element or on the active browser.</doc>
<msg timestamp="20220917 16:55:08.564" level="INFO">Sending key(s) ('RETURN',) to //*[@id="gh-btn"] element.</msg>
<msg timestamp="20220917 16:55:10.894" level="INFO">Pressing special key RETURN to element.</msg>
<msg timestamp="20220917 16:55:10.894" level="INFO">Releasing special key RETURN.</msg>
<status status="PASS" starttime="20220917 16:55:08.564" endtime="20220917 16:55:10.899"/>
</kw>
<kw name="Page Should Contain" library="Selenium2Library">
<arg>moblie</arg>
<doc>Verifies that current page contains ``text``.</doc>
<msg timestamp="20220917 16:55:10.919" level="INFO">Current page contains text 'moblie'.</msg>
<status status="PASS" starttime="20220917 16:55:10.899" endtime="20220917 16:55:10.919"/>
</kw>
<status status="PASS" starttime="20220917 16:55:08.485" endtime="20220917 16:55:10.919"/>
</kw>
<kw name="Filter result by condition">
<kw name="Click Element" library="Selenium2Library">
<arg>//span[contains(text(),'Condition')]</arg>
<doc>Click the element identified by ``locator``.</doc>
<msg timestamp="20220917 16:55:10.920" level="INFO">Clicking element '//span[contains(text(),'Condition')]'.</msg>
<status status="PASS" starttime="20220917 16:55:10.920" endtime="20220917 16:55:11.067"/>
</kw>
<kw name="Sleep" library="BuiltIn">
<arg>3s</arg>
<doc>Pauses the test executed for the given time.</doc>
<msg timestamp="20220917 16:55:14.078" level="INFO">Slept 3 seconds</msg>
<status status="PASS" starttime="20220917 16:55:11.068" endtime="20220917 16:55:14.078"/>
</kw>
<kw name="Mouse Down" library="Selenium2Library">
<arg>//*[@id="s0-14-11-5-1[0]-53[1]-9-content-menu"]/a[2]/span</arg>
<doc>Simulates pressing the left mouse button on the element ``locator``.</doc>
<msg timestamp="20220917 16:55:14.079" level="INFO">Simulating Mouse Down on element '//*[@id="s0-14-11-5-1[0]-53[1]-9-content-menu"]/a[2]/span'.</msg>
<msg timestamp="20220917 16:55:14.260" level="INFO" html="true">&lt;/td&gt;&lt;/tr&gt;&lt;tr&gt;&lt;td colspan="3"&gt;&lt;a href="selenium-screenshot-1.png"&gt;&lt;img src="selenium-screenshot-1.png" width="800px"&gt;&lt;/a&gt;</msg>
<msg timestamp="20220917 16:55:14.261" level="FAIL">Element with locator '//*[@id="s0-14-11-5-1[0]-53[1]-9-content-menu"]/a[2]/span' not found.</msg>
<status status="FAIL" starttime="20220917 16:55:14.079" endtime="20220917 16:55:14.265"/>
</kw>
<status status="FAIL" starttime="20220917 16:55:10.919" endtime="20220917 16:55:14.266"/>
</kw>
<kw name="Finish TestCase">
<status status="NOT RUN" starttime="20220917 16:55:14.267" endtime="20220917 16:55:14.267"/>
</kw>
<doc>This test case verifies the basic search</doc>
<tag>Fuctional</tag>
<status status="FAIL" starttime="20220917 16:55:05.363" endtime="20220917 16:55:14.268">Element with locator '//*[@id="s0-14-11-5-1[0]-53[1]-9-content-menu"]/a[2]/span' not found.</status>
</test>
<doc>Basic seach functionality</doc>
<status status="FAIL" starttime="20220917 16:55:05.214" endtime="20220917 16:55:14.269"/>
</suite>
<statistics>
<total>
<stat pass="0" fail="1" skip="0">All Tests</stat>
</total>
<tag>
<stat pass="0" fail="1" skip="0">Fuctional</stat>
</tag>
<suite>
<stat pass="0" fail="1" skip="0" id="s1" name="eBay">eBay</stat>
</suite>
</statistics>
<errors>
</errors>
</robot>
